{"level":"debug","ts":"2020-09-15T19:43:08.494+0800","caller":"web_app/main.go:40","msg":"logger init success..."}
{"level":"error","ts":"2020-09-15T19:43:08.494+0800","caller":"mysql/mysql.go:27","msg":"connect DB failed","error":"dial tcp 127.0.0.1:3306: connect: connection refused"}
{"level":"debug","ts":"2020-09-15T19:43:57.483+0800","caller":"web_app/main.go:40","msg":"logger init success..."}
{"level":"info","ts":"2020-09-15T19:44:45.954+0800","caller":"logger/logger.go:96","msg":"/","status":200,"method":"GET","path":"/","query":"","ip":"::1","user-agent":"Mozilla/5.0 (X11; Linux x86_64) AppleWebKit/537.36 (KHTML, like Gecko) Chrome/85.0.4183.102 Safari/537.36","errors":"","cost":0.000099629}
{"level":"info","ts":"2020-09-15T19:44:46.044+0800","caller":"logger/logger.go:96","msg":"/favicon.ico","status":404,"method":"GET","path":"/favicon.ico","query":"","ip":"::1","user-agent":"Mozilla/5.0 (X11; Linux x86_64) AppleWebKit/537.36 (KHTML, like Gecko) Chrome/85.0.4183.102 Safari/537.36","errors":"","cost":0.000000675}
{"level":"info","ts":"2020-09-15T19:44:50.043+0800","caller":"logger/logger.go:96","msg":"/","status":200,"method":"GET","path":"/","query":"","ip":"::1","user-agent":"Mozilla/5.0 (X11; Linux x86_64) AppleWebKit/537.36 (KHTML, like Gecko) Chrome/85.0.4183.102 Safari/537.36","errors":"","cost":0.000043809}
{"level":"info","ts":"2020-09-15T19:45:08.594+0800","caller":"logger/logger.go:96","msg":"/","status":200,"method":"GET","path":"/","query":"","ip":"::1","user-agent":"Mozilla/5.0 (X11; Linux x86_64) AppleWebKit/537.36 (KHTML, like Gecko) Chrome/85.0.4183.102 Safari/537.36","errors":"","cost":0.000126947}
{"level":"info","ts":"2020-09-15T19:45:29.496+0800","caller":"logger/logger.go:96","msg":"/","status":200,"method":"GET","path":"/","query":"","ip":"::1","user-agent":"Mozilla/5.0 (X11; Linux x86_64) AppleWebKit/537.36 (KHTML, like Gecko) Chrome/85.0.4183.102 Safari/537.36","errors":"","cost":0.000031123}
{"level":"info","ts":"2020-09-15T19:46:26.831+0800","caller":"logger/logger.go:96","msg":"/","status":200,"method":"GET","path":"/","query":"","ip":"::1","user-agent":"Mozilla/5.0 (X11; Linux x86_64) AppleWebKit/537.36 (KHTML, like Gecko) Chrome/85.0.4183.102 Safari/537.36","errors":"","cost":0.000021254}
{"level":"info","ts":"2020-09-15T19:46:30.376+0800","caller":"logger/logger.go:96","msg":"/","status":200,"method":"GET","path":"/","query":"","ip":"::1","user-agent":"Mozilla/5.0 (X11; Linux x86_64) AppleWebKit/537.36 (KHTML, like Gecko) Chrome/85.0.4183.102 Safari/537.36","errors":"","cost":0.000030262}
{"level":"info","ts":"2020-09-15T19:46:30.419+0800","caller":"logger/logger.go:96","msg":"/favicon.ico","status":404,"method":"GET","path":"/favicon.ico","query":"","ip":"::1","user-agent":"Mozilla/5.0 (X11; Linux x86_64) AppleWebKit/537.36 (KHTML, like Gecko) Chrome/85.0.4183.102 Safari/537.36","errors":"","cost":0.000000854}
{"level":"info","ts":"2020-09-15T19:47:46.553+0800","caller":"web_app/main.go:80","msg":"Shutdown Server ..."}
{"level":"info","ts":"2020-09-15T19:47:46.553+0800","caller":"web_app/main.go:89","msg":"Server exiting"}
{"level":"debug","ts":"2020-09-19T17:11:37.314+0800","caller":"web_app/main.go:40","msg":"logger init success..."}
{"level":"info","ts":"2020-09-19T17:12:01.304+0800","caller":"logger/logger.go:96","msg":"/","status":200,"method":"GET","path":"/","query":"","ip":"::1","user-agent":"Mozilla/5.0 (X11; Linux x86_64) AppleWebKit/537.36 (KHTML, like Gecko) Chrome/85.0.4183.102 Safari/537.36","errors":"","cost":0.000092133}
{"level":"info","ts":"2020-09-19T17:12:01.358+0800","caller":"logger/logger.go:96","msg":"/favicon.ico","status":404,"method":"GET","path":"/favicon.ico","query":"","ip":"::1","user-agent":"Mozilla/5.0 (X11; Linux x86_64) AppleWebKit/537.36 (KHTML, like Gecko) Chrome/85.0.4183.102 Safari/537.36","errors":"","cost":0.000000598}
{"level":"info","ts":"2020-09-19T17:13:01.144+0800","caller":"web_app/main.go:80","msg":"Shutdown Server ..."}
{"level":"info","ts":"2020-09-19T17:13:01.144+0800","caller":"web_app/main.go:89","msg":"Server exiting"}
{"level":"debug","ts":"2020-10-14T19:45:50.111+0800","caller":"web_app/main.go:40","msg":"logger init success..."}
{"level":"info","ts":"2020-10-14T19:46:03.102+0800","caller":"logger/logger.go:96","msg":"/debug/pprof/","status":404,"method":"GET","path":"/debug/pprof/","query":"","ip":"::1","user-agent":"Mozilla/5.0 (X11; Linux x86_64) AppleWebKit/537.36 (KHTML, like Gecko) Chrome/86.0.4240.75 Safari/537.36","errors":"","cost":0.000049478}
{"level":"info","ts":"2020-10-14T19:46:03.180+0800","caller":"logger/logger.go:96","msg":"/favicon.ico","status":404,"method":"GET","path":"/favicon.ico","query":"","ip":"::1","user-agent":"Mozilla/5.0 (X11; Linux x86_64) AppleWebKit/537.36 (KHTML, like Gecko) Chrome/86.0.4240.75 Safari/537.36","errors":"","cost":0.000000965}
{"level":"info","ts":"2020-10-14T19:46:07.121+0800","caller":"logger/logger.go:96","msg":"/d","status":404,"method":"GET","path":"/d","query":"","ip":"::1","user-agent":"Mozilla/5.0 (X11; Linux x86_64) AppleWebKit/537.36 (KHTML, like Gecko) Chrome/86.0.4240.75 Safari/537.36","errors":"","cost":0.0000015}
{"level":"info","ts":"2020-10-14T19:46:10.486+0800","caller":"logger/logger.go:96","msg":"/","status":200,"method":"GET","path":"/","query":"","ip":"::1","user-agent":"Mozilla/5.0 (X11; Linux x86_64) AppleWebKit/537.36 (KHTML, like Gecko) Chrome/86.0.4240.75 Safari/537.36","errors":"","cost":0.000117639}
{"level":"info","ts":"2020-10-14T19:46:14.902+0800","caller":"web_app/main.go:80","msg":"Shutdown Server ..."}
{"level":"info","ts":"2020-10-14T19:46:14.902+0800","caller":"web_app/main.go:89","msg":"Server exiting"}
{"level":"debug","ts":"2020-10-15T20:12:04.919+0800","caller":"web_app/main.go:39","msg":"logger init success..."}
{"level":"debug","ts":"2020-10-15T20:12:58.375+0800","caller":"web_app/main.go:39","msg":"logger init success..."}
